<?xml version="1.0" encoding="UTF-8"?>
<!-- Generated by org.testng.reporters.JUnitXMLReporter -->
<testsuite ignored="0" hostname="BLRLAP1529" failures="1" tests="1" name="OpenCartTest(failed)" time="7.548" errors="0" timestamp="2023-12-11T21:55:45 IST">
  <testcase classname="testCases.TC_001_AccountRegistrationTest" name="test_account_registration" time="4.101">
    <failure type="java.lang.AssertionError" message="not getting expected message expected [Your Account Has Been Crated!] but found [Your Account Has Been Created!]">
      <![CDATA[java.lang.AssertionError: not getting expected message expected [Your Account Has Been Crated!] but found [Your Account Has Been Created!]
at testCases.TC_001_AccountRegistrationTest.test_account_registration(TC_001_AccountRegistrationTest.java:33)
at java.base/java.util.ArrayList.forEach(ArrayList.java:1511)
... Removed 32 stack frames]]>
    </failure>
  </testcase> <!-- test_account_registration -->
</testsuite> <!-- OpenCartTest(failed) -->
