<?xml version="1.0" encoding="UTF-8"?>
<testsuite xmlns:xsi="http://www.w3.org/2001/XMLSchema-instance" xsi:noNamespaceSchemaLocation="https://maven.apache.org/surefire/maven-surefire-plugin/xsd/surefire-test-report-3.0.xsd" version="3.0" name="TestSuite" time="233.522" tests="37" errors="0" skipped="0" failures="1">
  <properties>
[...]
</properties>
  <testcase name="test_execute_login_test_cases[account_login_validation, topcoders1@gmail.com, 1234, Valid](1)" classname="testCases.DDT.TC_001_AccountLogin" time="2.698">
    <system-err><![CDATA[SLF4J: No SLF4J providers were found.
SLF4J: Defaulting to no-operation (NOP) logger implementation
SLF4J: See https://www.slf4j.org/codes.html#noProviders for further details.
]]></system-err>
  </testcase>
  <testcase name="test_execute_login_test_cases[account_login_validation, lakshmi@yahoo.com, Laxmi, Invalid](2)" classname="testCases.DDT.TC_001_AccountLogin" time="11.65"/>
  <testcase name="test_execute_login_test_cases[account_login_validation, laksh@yahoo.com, 1234, Invalid](3)" classname="testCases.DDT.TC_001_AccountLogin" time="11.616"/>
  <testcase name="test_execute_login_test_cases[account_login_validation, topcoders1@gmail.com, xyz, Invalid](4)" classname="testCases.DDT.TC_001_AccountLogin" time="11.56"/>
  <testcase name="test_execute_login_test_cases[account_login_validation, , , Invalid](5)" classname="testCases.DDT.TC_001_AccountLogin" time="11.54"/>
  <testcase name="test_execute_login_test_cases[account_login_browser_back, topcoders1@gmail.com, 1234, Valid](6)" classname="testCases.DDT.TC_001_AccountLogin" time="1.84"/>
  <testcase name="test_execute_login_test_cases[account_login_logout_browser_back, topcoders1@gmail.com, 1234, Valid](7)" classname="testCases.DDT.TC_001_AccountLogin" time="2.428"/>
  <testcase name="test_execute_login_test_cases[account_login_password_copy, , copypassword, ](8)" classname="testCases.DDT.TC_001_AccountLogin" time="0.632">
    <system-out><![CDATA[Clipboard content: null
]]></system-out>
  </testcase>
  <testcase name="test_execute_login_test_cases[account_login_navigating, , , ](9)" classname="testCases.DDT.TC_001_AccountLogin" time="1.84"/>
  <testcase name="test_execute_login_test_cases[account_login_close_browser, topcoders1@gmail.com, 1234, Valid](10)" classname="testCases.DDT.TC_001_AccountLogin" time="4.271">
    <failure message="expected [true] but found [false]" type="java.lang.AssertionError"><![CDATA[java.lang.AssertionError: expected [true] but found [false]
	at org.testng.Assert.fail(Assert.java:111)
	at org.testng.Assert.failNotEquals(Assert.java:1578)
	at org.testng.Assert.assertEqualsImpl(Assert.java:150)
	at org.testng.Assert.assertEquals(Assert.java:132)
	at org.testng.Assert.assertEquals(Assert.java:1067)
	at org.testng.Assert.assertEquals(Assert.java:1031)
	at org.testng.Assert.assertEquals(Assert.java:1077)
	at testCases.DDT.TC_001_AccountLogin.account_login_close_browser(TC_001_AccountLogin.java:192)
	at testCases.DDT.TC_001_AccountLogin.test_execute_login_test_cases(TC_001_AccountLogin.java:43)
	at java.base/jdk.internal.reflect.NativeMethodAccessorImpl.invoke0(Native Method)
	at java.base/jdk.internal.reflect.NativeMethodAccessorImpl.invoke(NativeMethodAccessorImpl.java:77)
	at java.base/jdk.internal.reflect.DelegatingMethodAccessorImpl.invoke(DelegatingMethodAccessorImpl.java:43)
	at java.base/java.lang.reflect.Method.invoke(Method.java:568)
	at org.testng.internal.invokers.MethodInvocationHelper.invokeMethod(MethodInvocationHelper.java:139)
	at org.testng.internal.invokers.TestInvoker.invokeMethod(TestInvoker.java:664)
	at org.testng.internal.invokers.TestInvoker.invokeTestMethod(TestInvoker.java:227)
	at org.testng.internal.invokers.MethodRunner.runInSequence(MethodRunner.java:50)
	at org.testng.internal.invokers.TestInvoker$MethodInvocationAgent.invoke(TestInvoker.java:957)
	at org.testng.internal.invokers.TestInvoker.invokeTestMethods(TestInvoker.java:200)
	at org.testng.internal.invokers.TestMethodWorker.invokeTestMethods(TestMethodWorker.java:148)
	at org.testng.internal.invokers.TestMethodWorker.run(TestMethodWorker.java:128)
	at java.base/java.util.ArrayList.forEach(ArrayList.java:1511)
	at org.testng.TestRunner.privateRun(TestRunner.java:848)
	at org.testng.TestRunner.run(TestRunner.java:621)
	at org.testng.SuiteRunner.runTest(SuiteRunner.java:443)
	at org.testng.SuiteRunner.runSequentially(SuiteRunner.java:437)
	at org.testng.SuiteRunner.privateRun(SuiteRunner.java:397)
	at org.testng.SuiteRunner.run(SuiteRunner.java:336)
	at org.testng.SuiteRunnerWorker.runSuite(SuiteRunnerWorker.java:52)
	at org.testng.SuiteRunnerWorker.run(SuiteRunnerWorker.java:95)
	at org.testng.TestNG.runSuitesSequentially(TestNG.java:1280)
	at org.testng.TestNG.runSuitesLocally(TestNG.java:1200)
	at org.testng.TestNG.runSuites(TestNG.java:1114)
	at org.testng.TestNG.run(TestNG.java:1082)
	at org.apache.maven.surefire.testng.TestNGExecutor.run(TestNGExecutor.java:308)
	at org.apache.maven.surefire.testng.TestNGXmlTestSuite.execute(TestNGXmlTestSuite.java:71)
	at org.apache.maven.surefire.testng.TestNGProvider.invoke(TestNGProvider.java:113)
	at org.apache.maven.surefire.booter.ForkedBooter.runSuitesInProcess(ForkedBooter.java:385)
	at org.apache.maven.surefire.booter.ForkedBooter.execute(ForkedBooter.java:162)
	at org.apache.maven.surefire.booter.ForkedBooter.run(ForkedBooter.java:507)
	at org.apache.maven.surefire.booter.ForkedBooter.main(ForkedBooter.java:495)
]]></failure>
  </testcase>
  <testcase name="test_execute_registration_test_cases[account_registration_success, , , , , true, true, Valid](1)" classname="testCases.DDT.TC_002_AccountRegistration" time="4.634"/>
  <testcase name="test_execute_registration_test_cases[account_registration_email_exists, , , topcoders1@gmail.com, , , true, Invalid](2)" classname="testCases.DDT.TC_002_AccountRegistration" time="5.092"/>
  <testcase name="test_execute_registration_test_cases[account_registration_all_fields_warning_validation, null, null, null, null, , , ](3)" classname="testCases.DDT.TC_002_AccountRegistration" time="3.997"/>
  <testcase name="test_execute_registration_test_cases[account_registration_all_fields_warning_validation,      ,      ,      ,      , , , ](4)" classname="testCases.DDT.TC_002_AccountRegistration" time="4.979"/>
  <testcase name="test_execute_registration_test_cases[navigating_to_registered_page_from_different_page, , , , , , , ](5)" classname="testCases.DDT.TC_002_AccountRegistration" time="4.943"/>
  <testcase name="test_execute_registration_test_cases[account_registration_email_field_warning_validation, , , abhishek@gmail, , , true, ](6)" classname="testCases.DDT.TC_002_AccountRegistration" time="3.443"/>
  <testcase name="test_execute_registration_test_cases[account_registration_password_field_warning_validation, , , , 123, , true, ](7)" classname="testCases.DDT.TC_002_AccountRegistration" time="4.105"/>
  <testcase name="test_execute_registration_test_cases[account_fields_placeholder_validation, , , , , , , ](8)" classname="testCases.DDT.TC_002_AccountRegistration" time="0.062"/>
  <testcase name="test_execute_registration_test_cases[account_registration_privacy_policy_warning_validation, , , , , , , ](9)" classname="testCases.DDT.TC_002_AccountRegistration" time="3.765"/>
  <testcase name="test_execute_registration_test_cases[account_registration_field_trailing_spaces,                   TrailingFirstName                      ,                   TrailingLastName                      , , , , true, ](10)" classname="testCases.DDT.TC_002_AccountRegistration" time="5.627"/>
  <testcase name="test_execute_logout_test_cases[account_logout](1)" classname="testCases.DDT.TC_003_AccountLogout" time="3.62"/>
  <testcase name="test_execute_logout_test_cases[account_logout_from_right_column](2)" classname="testCases.DDT.TC_003_AccountLogout" time="2.223"/>
  <testcase name="test_execute_logout_test_cases[account_logout_browser_back](3)" classname="testCases.DDT.TC_003_AccountLogout" time="2.549"/>
  <testcase name="test_execute_logout_test_cases[account_check_logout_btn_exists](4)" classname="testCases.DDT.TC_003_AccountLogout" time="10.217"/>
  <testcase name="test_execute_logout_test_cases[account_check_logout_right_column_btn_exists](5)" classname="testCases.DDT.TC_003_AccountLogout" time="10.572"/>
  <testcase name="test_execute_logout_test_cases[account_login_two_times](6)" classname="testCases.DDT.TC_003_AccountLogout" time="4.317"/>
  <testcase name="test_execute_search_test_cases[searched_product_text_validation, iphone, ](1)" classname="testCases.DDT.TC_004_SearchPage" time="1.478"/>
  <testcase name="test_execute_search_test_cases[no_product_found, productnotexists, ](2)" classname="testCases.DDT.TC_004_SearchPage" time="11.119"/>
  <testcase name="test_execute_search_test_cases[no_product_found, , ](3)" classname="testCases.DDT.TC_004_SearchPage" time="10.923"/>
  <testcase name="test_execute_search_test_cases[searched_product_after_login, samsung, ](4)" classname="testCases.DDT.TC_004_SearchPage" time="22.943">
    <system-out><![CDATA[Exception while clicking on button: Expected condition failed: waiting for element to be clickable: Proxy element for: DefaultElementLocator 'By.xpath: //a[@href="http://localhost/opencart/index.php?route=account/logout&language=en-gb" and @class="list-group-item"]' (tried for 10 second(s) with 500 milliseconds interval)
]]></system-out>
  </testcase>
  <testcase name="test_execute_search_test_cases[multiple_product_found, e, ](5)" classname="testCases.DDT.TC_004_SearchPage" time="2.119"/>
  <testcase name="test_execute_search_test_cases[multiple_product_found, samsung, ](6)" classname="testCases.DDT.TC_004_SearchPage" time="1.369"/>
  <testcase name="test_execute_search_test_cases[search_product_under_search_criteria, iMac, ](7)" classname="testCases.DDT.TC_004_SearchPage" time="2.162"/>
  <testcase name="test_execute_search_test_cases[search_product_by_category_product_found, imac, 27](8)" classname="testCases.DDT.TC_004_SearchPage" time="2.446"/>
  <testcase name="test_execute_search_test_cases[search_product_by_category_no_product_found, imac, 18](9)" classname="testCases.DDT.TC_004_SearchPage" time="12.284"/>
  <testcase name="test_execute_search_test_cases[search_product_check_sub_category, imac, 20](10)" classname="testCases.DDT.TC_004_SearchPage" time="12.176"/>
  <testcase name="test_execute_search_test_cases[product_compare_navigation_check, HTC Touch HD, ](11)" classname="testCases.DDT.TC_004_SearchPage" time="2.641"/>
</testsuite>