<?xml version="1.0" encoding="UTF-8"?>
<testng-results ignored="0" total="37" passed="36" failed="1" skipped="0">
  <reporter-output>
  </reporter-output>
  <suite started-at="2023-12-28T14:48:45 IST" name="OpenCartSuite" finished-at="2023-12-28T14:52:38 IST" duration-ms="232271">
    <groups>
    </groups>
    <test started-at="2023-12-28T14:48:45 IST" name="OpenCartTest" finished-at="2023-12-28T14:52:38 IST" duration-ms="232271">
      <class name="testCases.DDT.TC_004_SearchPage">
        <test-method is-config="true" signature="setup(java.lang.String,java.lang.String)[pri:0, instance:testCases.DDT.TC_004_SearchPage@2892d68]" started-at="2023-12-28T14:51:12 IST" name="setup" finished-at="2023-12-28T14:51:15 IST" duration-ms="2370" status="PASS">
          <params>
            <param index="0">
              <value>
                <![CDATA[chrome]]>
              </value>
            </param>
            <param index="1">
              <value>
                <![CDATA[false]]>
              </value>
            </param>
          </params>
          <reporter-output>
          </reporter-output>
        </test-method> <!-- setup -->
        <test-method signature="test_execute_search_test_cases(java.lang.String,java.lang.String,java.lang.String)[pri:0, instance:testCases.DDT.TC_004_SearchPage@2892d68]" started-at="2023-12-28T14:51:15 IST" name="test_execute_search_test_cases" data-provider="SearchData" finished-at="2023-12-28T14:51:17 IST" duration-ms="1477" status="PASS">
          <params>
            <param index="0">
              <value>
                <![CDATA[searched_product_text_validation]]>
              </value>
            </param>
            <param index="1">
              <value>
                <![CDATA[iphone]]>
              </value>
            </param>
            <param index="2">
              <value>
                <![CDATA[]]>
              </value>
            </param>
          </params>
          <reporter-output>
          </reporter-output>
        </test-method> <!-- test_execute_search_test_cases -->
        <test-method signature="test_execute_search_test_cases(java.lang.String,java.lang.String,java.lang.String)[pri:0, instance:testCases.DDT.TC_004_SearchPage@2892d68]" started-at="2023-12-28T14:51:17 IST" name="test_execute_search_test_cases" data-provider="SearchData" finished-at="2023-12-28T14:51:28 IST" duration-ms="11120" status="PASS">
          <params>
            <param index="0">
              <value>
                <![CDATA[no_product_found]]>
              </value>
            </param>
            <param index="1">
              <value>
                <![CDATA[productnotexists]]>
              </value>
            </param>
            <param index="2">
              <value>
                <![CDATA[]]>
              </value>
            </param>
          </params>
          <reporter-output>
          </reporter-output>
        </test-method> <!-- test_execute_search_test_cases -->
        <test-method signature="test_execute_search_test_cases(java.lang.String,java.lang.String,java.lang.String)[pri:0, instance:testCases.DDT.TC_004_SearchPage@2892d68]" started-at="2023-12-28T14:51:28 IST" name="test_execute_search_test_cases" data-provider="SearchData" finished-at="2023-12-28T14:51:39 IST" duration-ms="10924" status="PASS">
          <params>
            <param index="0">
              <value>
                <![CDATA[no_product_found]]>
              </value>
            </param>
            <param index="1">
              <value>
                <![CDATA[]]>
              </value>
            </param>
            <param index="2">
              <value>
                <![CDATA[]]>
              </value>
            </param>
          </params>
          <reporter-output>
          </reporter-output>
        </test-method> <!-- test_execute_search_test_cases -->
        <test-method signature="test_execute_search_test_cases(java.lang.String,java.lang.String,java.lang.String)[pri:0, instance:testCases.DDT.TC_004_SearchPage@2892d68]" started-at="2023-12-28T14:51:39 IST" name="test_execute_search_test_cases" data-provider="SearchData" finished-at="2023-12-28T14:52:02 IST" duration-ms="22941" status="PASS">
          <params>
            <param index="0">
              <value>
                <![CDATA[searched_product_after_login]]>
              </value>
            </param>
            <param index="1">
              <value>
                <![CDATA[samsung]]>
              </value>
            </param>
            <param index="2">
              <value>
                <![CDATA[]]>
              </value>
            </param>
          </params>
          <reporter-output>
          </reporter-output>
        </test-method> <!-- test_execute_search_test_cases -->
        <test-method signature="test_execute_search_test_cases(java.lang.String,java.lang.String,java.lang.String)[pri:0, instance:testCases.DDT.TC_004_SearchPage@2892d68]" started-at="2023-12-28T14:52:02 IST" name="test_execute_search_test_cases" data-provider="SearchData" finished-at="2023-12-28T14:52:04 IST" duration-ms="2120" status="PASS">
          <params>
            <param index="0">
              <value>
                <![CDATA[multiple_product_found]]>
              </value>
            </param>
            <param index="1">
              <value>
                <![CDATA[e]]>
              </value>
            </param>
            <param index="2">
              <value>
                <![CDATA[]]>
              </value>
            </param>
          </params>
          <reporter-output>
          </reporter-output>
        </test-method> <!-- test_execute_search_test_cases -->
        <test-method signature="test_execute_search_test_cases(java.lang.String,java.lang.String,java.lang.String)[pri:0, instance:testCases.DDT.TC_004_SearchPage@2892d68]" started-at="2023-12-28T14:52:04 IST" name="test_execute_search_test_cases" data-provider="SearchData" finished-at="2023-12-28T14:52:05 IST" duration-ms="1369" status="PASS">
          <params>
            <param index="0">
              <value>
                <![CDATA[multiple_product_found]]>
              </value>
            </param>
            <param index="1">
              <value>
                <![CDATA[samsung]]>
              </value>
            </param>
            <param index="2">
              <value>
                <![CDATA[]]>
              </value>
            </param>
          </params>
          <reporter-output>
          </reporter-output>
        </test-method> <!-- test_execute_search_test_cases -->
        <test-method signature="test_execute_search_test_cases(java.lang.String,java.lang.String,java.lang.String)[pri:0, instance:testCases.DDT.TC_004_SearchPage@2892d68]" started-at="2023-12-28T14:52:05 IST" name="test_execute_search_test_cases" data-provider="SearchData" finished-at="2023-12-28T14:52:07 IST" duration-ms="2162" status="PASS">
          <params>
            <param index="0">
              <value>
                <![CDATA[search_product_under_search_criteria]]>
              </value>
            </param>
            <param index="1">
              <value>
                <![CDATA[iMac]]>
              </value>
            </param>
            <param index="2">
              <value>
                <![CDATA[]]>
              </value>
            </param>
          </params>
          <reporter-output>
          </reporter-output>
        </test-method> <!-- test_execute_search_test_cases -->
        <test-method signature="test_execute_search_test_cases(java.lang.String,java.lang.String,java.lang.String)[pri:0, instance:testCases.DDT.TC_004_SearchPage@2892d68]" started-at="2023-12-28T14:52:07 IST" name="test_execute_search_test_cases" data-provider="SearchData" finished-at="2023-12-28T14:52:10 IST" duration-ms="2446" status="PASS">
          <params>
            <param index="0">
              <value>
                <![CDATA[search_product_by_category_product_found]]>
              </value>
            </param>
            <param index="1">
              <value>
                <![CDATA[imac]]>
              </value>
            </param>
            <param index="2">
              <value>
                <![CDATA[27]]>
              </value>
            </param>
          </params>
          <reporter-output>
          </reporter-output>
        </test-method> <!-- test_execute_search_test_cases -->
        <test-method signature="test_execute_search_test_cases(java.lang.String,java.lang.String,java.lang.String)[pri:0, instance:testCases.DDT.TC_004_SearchPage@2892d68]" started-at="2023-12-28T14:52:10 IST" name="test_execute_search_test_cases" data-provider="SearchData" finished-at="2023-12-28T14:52:22 IST" duration-ms="12283" status="PASS">
          <params>
            <param index="0">
              <value>
                <![CDATA[search_product_by_category_no_product_found]]>
              </value>
            </param>
            <param index="1">
              <value>
                <![CDATA[imac]]>
              </value>
            </param>
            <param index="2">
              <value>
                <![CDATA[18]]>
              </value>
            </param>
          </params>
          <reporter-output>
          </reporter-output>
        </test-method> <!-- test_execute_search_test_cases -->
        <test-method signature="test_execute_search_test_cases(java.lang.String,java.lang.String,java.lang.String)[pri:0, instance:testCases.DDT.TC_004_SearchPage@2892d68]" started-at="2023-12-28T14:52:22 IST" name="test_execute_search_test_cases" data-provider="SearchData" finished-at="2023-12-28T14:52:34 IST" duration-ms="12176" status="PASS">
          <params>
            <param index="0">
              <value>
                <![CDATA[search_product_check_sub_category]]>
              </value>
            </param>
            <param index="1">
              <value>
                <![CDATA[imac]]>
              </value>
            </param>
            <param index="2">
              <value>
                <![CDATA[20]]>
              </value>
            </param>
          </params>
          <reporter-output>
          </reporter-output>
        </test-method> <!-- test_execute_search_test_cases -->
        <test-method signature="test_execute_search_test_cases(java.lang.String,java.lang.String,java.lang.String)[pri:0, instance:testCases.DDT.TC_004_SearchPage@2892d68]" started-at="2023-12-28T14:52:34 IST" name="test_execute_search_test_cases" data-provider="SearchData" finished-at="2023-12-28T14:52:37 IST" duration-ms="2641" status="PASS">
          <params>
            <param index="0">
              <value>
                <![CDATA[product_compare_navigation_check]]>
              </value>
            </param>
            <param index="1">
              <value>
                <![CDATA[HTC Touch HD]]>
              </value>
            </param>
            <param index="2">
              <value>
                <![CDATA[]]>
              </value>
            </param>
          </params>
          <reporter-output>
          </reporter-output>
        </test-method> <!-- test_execute_search_test_cases -->
        <test-method is-config="true" signature="tearDown()[pri:0, instance:testCases.DDT.TC_004_SearchPage@2892d68]" started-at="2023-12-28T14:52:37 IST" name="tearDown" finished-at="2023-12-28T14:52:38 IST" duration-ms="586" status="PASS">
          <reporter-output>
          </reporter-output>
        </test-method> <!-- tearDown -->
      </class> <!-- testCases.DDT.TC_004_SearchPage -->
      <class name="testCases.DDT.TC_001_AccountLogin">
        <test-method is-config="true" signature="setup(java.lang.String,java.lang.String)[pri:0, instance:testCases.DDT.TC_001_AccountLogin@1e6a3214]" started-at="2023-12-28T14:48:46 IST" name="setup" finished-at="2023-12-28T14:48:49 IST" duration-ms="3189" status="PASS">
          <params>
            <param index="0">
              <value>
                <![CDATA[chrome]]>
              </value>
            </param>
            <param index="1">
              <value>
                <![CDATA[false]]>
              </value>
            </param>
          </params>
          <reporter-output>
          </reporter-output>
        </test-method> <!-- setup -->
        <test-method signature="test_execute_login_test_cases(java.lang.String,java.lang.String,java.lang.String,java.lang.String)[pri:0, instance:testCases.DDT.TC_001_AccountLogin@1e6a3214]" started-at="2023-12-28T14:48:51 IST" name="test_execute_login_test_cases" data-provider="LoginData" finished-at="2023-12-28T14:48:53 IST" duration-ms="2689" status="PASS">
          <params>
            <param index="0">
              <value>
                <![CDATA[account_login_validation]]>
              </value>
            </param>
            <param index="1">
              <value>
                <![CDATA[topcoders1@gmail.com]]>
              </value>
            </param>
            <param index="2">
              <value>
                <![CDATA[1234]]>
              </value>
            </param>
            <param index="3">
              <value>
                <![CDATA[Valid]]>
              </value>
            </param>
          </params>
          <reporter-output>
          </reporter-output>
        </test-method> <!-- test_execute_login_test_cases -->
        <test-method signature="test_execute_login_test_cases(java.lang.String,java.lang.String,java.lang.String,java.lang.String)[pri:0, instance:testCases.DDT.TC_001_AccountLogin@1e6a3214]" started-at="2023-12-28T14:48:53 IST" name="test_execute_login_test_cases" data-provider="LoginData" finished-at="2023-12-28T14:49:05 IST" duration-ms="11659" status="PASS">
          <params>
            <param index="0">
              <value>
                <![CDATA[account_login_validation]]>
              </value>
            </param>
            <param index="1">
              <value>
                <![CDATA[lakshmi@yahoo.com]]>
              </value>
            </param>
            <param index="2">
              <value>
                <![CDATA[Laxmi]]>
              </value>
            </param>
            <param index="3">
              <value>
                <![CDATA[Invalid]]>
              </value>
            </param>
          </params>
          <reporter-output>
          </reporter-output>
        </test-method> <!-- test_execute_login_test_cases -->
        <test-method signature="test_execute_login_test_cases(java.lang.String,java.lang.String,java.lang.String,java.lang.String)[pri:0, instance:testCases.DDT.TC_001_AccountLogin@1e6a3214]" started-at="2023-12-28T14:49:05 IST" name="test_execute_login_test_cases" data-provider="LoginData" finished-at="2023-12-28T14:49:17 IST" duration-ms="11617" status="PASS">
          <params>
            <param index="0">
              <value>
                <![CDATA[account_login_validation]]>
              </value>
            </param>
            <param index="1">
              <value>
                <![CDATA[laksh@yahoo.com]]>
              </value>
            </param>
            <param index="2">
              <value>
                <![CDATA[1234]]>
              </value>
            </param>
            <param index="3">
              <value>
                <![CDATA[Invalid]]>
              </value>
            </param>
          </params>
          <reporter-output>
          </reporter-output>
        </test-method> <!-- test_execute_login_test_cases -->
        <test-method signature="test_execute_login_test_cases(java.lang.String,java.lang.String,java.lang.String,java.lang.String)[pri:0, instance:testCases.DDT.TC_001_AccountLogin@1e6a3214]" started-at="2023-12-28T14:49:17 IST" name="test_execute_login_test_cases" data-provider="LoginData" finished-at="2023-12-28T14:49:28 IST" duration-ms="11561" status="PASS">
          <params>
            <param index="0">
              <value>
                <![CDATA[account_login_validation]]>
              </value>
            </param>
            <param index="1">
              <value>
                <![CDATA[topcoders1@gmail.com]]>
              </value>
            </param>
            <param index="2">
              <value>
                <![CDATA[xyz]]>
              </value>
            </param>
            <param index="3">
              <value>
                <![CDATA[Invalid]]>
              </value>
            </param>
          </params>
          <reporter-output>
          </reporter-output>
        </test-method> <!-- test_execute_login_test_cases -->
        <test-method signature="test_execute_login_test_cases(java.lang.String,java.lang.String,java.lang.String,java.lang.String)[pri:0, instance:testCases.DDT.TC_001_AccountLogin@1e6a3214]" started-at="2023-12-28T14:49:28 IST" name="test_execute_login_test_cases" data-provider="LoginData" finished-at="2023-12-28T14:49:40 IST" duration-ms="11540" status="PASS">
          <params>
            <param index="0">
              <value>
                <![CDATA[account_login_validation]]>
              </value>
            </param>
            <param index="1">
              <value>
                <![CDATA[]]>
              </value>
            </param>
            <param index="2">
              <value>
                <![CDATA[]]>
              </value>
            </param>
            <param index="3">
              <value>
                <![CDATA[Invalid]]>
              </value>
            </param>
          </params>
          <reporter-output>
          </reporter-output>
        </test-method> <!-- test_execute_login_test_cases -->
        <test-method signature="test_execute_login_test_cases(java.lang.String,java.lang.String,java.lang.String,java.lang.String)[pri:0, instance:testCases.DDT.TC_001_AccountLogin@1e6a3214]" started-at="2023-12-28T14:49:40 IST" name="test_execute_login_test_cases" data-provider="LoginData" finished-at="2023-12-28T14:49:42 IST" duration-ms="1840" status="PASS">
          <params>
            <param index="0">
              <value>
                <![CDATA[account_login_browser_back]]>
              </value>
            </param>
            <param index="1">
              <value>
                <![CDATA[topcoders1@gmail.com]]>
              </value>
            </param>
            <param index="2">
              <value>
                <![CDATA[1234]]>
              </value>
            </param>
            <param index="3">
              <value>
                <![CDATA[Valid]]>
              </value>
            </param>
          </params>
          <reporter-output>
          </reporter-output>
        </test-method> <!-- test_execute_login_test_cases -->
        <test-method signature="test_execute_login_test_cases(java.lang.String,java.lang.String,java.lang.String,java.lang.String)[pri:0, instance:testCases.DDT.TC_001_AccountLogin@1e6a3214]" started-at="2023-12-28T14:49:42 IST" name="test_execute_login_test_cases" data-provider="LoginData" finished-at="2023-12-28T14:49:44 IST" duration-ms="2427" status="PASS">
          <params>
            <param index="0">
              <value>
                <![CDATA[account_login_logout_browser_back]]>
              </value>
            </param>
            <param index="1">
              <value>
                <![CDATA[topcoders1@gmail.com]]>
              </value>
            </param>
            <param index="2">
              <value>
                <![CDATA[1234]]>
              </value>
            </param>
            <param index="3">
              <value>
                <![CDATA[Valid]]>
              </value>
            </param>
          </params>
          <reporter-output>
          </reporter-output>
        </test-method> <!-- test_execute_login_test_cases -->
        <test-method signature="test_execute_login_test_cases(java.lang.String,java.lang.String,java.lang.String,java.lang.String)[pri:0, instance:testCases.DDT.TC_001_AccountLogin@1e6a3214]" started-at="2023-12-28T14:49:44 IST" name="test_execute_login_test_cases" data-provider="LoginData" finished-at="2023-12-28T14:49:45 IST" duration-ms="628" status="PASS">
          <params>
            <param index="0">
              <value>
                <![CDATA[account_login_password_copy]]>
              </value>
            </param>
            <param index="1">
              <value>
                <![CDATA[]]>
              </value>
            </param>
            <param index="2">
              <value>
                <![CDATA[copypassword]]>
              </value>
            </param>
            <param index="3">
              <value>
                <![CDATA[]]>
              </value>
            </param>
          </params>
          <reporter-output>
          </reporter-output>
        </test-method> <!-- test_execute_login_test_cases -->
        <test-method signature="test_execute_login_test_cases(java.lang.String,java.lang.String,java.lang.String,java.lang.String)[pri:0, instance:testCases.DDT.TC_001_AccountLogin@1e6a3214]" started-at="2023-12-28T14:49:45 IST" name="test_execute_login_test_cases" data-provider="LoginData" finished-at="2023-12-28T14:49:47 IST" duration-ms="1843" status="PASS">
          <params>
            <param index="0">
              <value>
                <![CDATA[account_login_navigating]]>
              </value>
            </param>
            <param index="1">
              <value>
                <![CDATA[]]>
              </value>
            </param>
            <param index="2">
              <value>
                <![CDATA[]]>
              </value>
            </param>
            <param index="3">
              <value>
                <![CDATA[]]>
              </value>
            </param>
          </params>
          <reporter-output>
          </reporter-output>
        </test-method> <!-- test_execute_login_test_cases -->
        <test-method signature="test_execute_login_test_cases(java.lang.String,java.lang.String,java.lang.String,java.lang.String)[pri:0, instance:testCases.DDT.TC_001_AccountLogin@1e6a3214]" started-at="2023-12-28T14:49:47 IST" name="test_execute_login_test_cases" data-provider="LoginData" finished-at="2023-12-28T14:49:50 IST" duration-ms="3766" status="FAIL">
          <params>
            <param index="0">
              <value>
                <![CDATA[account_login_close_browser]]>
              </value>
            </param>
            <param index="1">
              <value>
                <![CDATA[topcoders1@gmail.com]]>
              </value>
            </param>
            <param index="2">
              <value>
                <![CDATA[1234]]>
              </value>
            </param>
            <param index="3">
              <value>
                <![CDATA[Valid]]>
              </value>
            </param>
          </params>
          <exception class="java.lang.AssertionError">
            <message>
              <![CDATA[expected [true] but found [false]]]>
            </message>
            <full-stacktrace>
              <![CDATA[java.lang.AssertionError: expected [true] but found [false]
at org.testng.Assert.fail(Assert.java:111)
at org.testng.Assert.failNotEquals(Assert.java:1578)
at org.testng.Assert.assertEqualsImpl(Assert.java:150)
at org.testng.Assert.assertEquals(Assert.java:132)
at org.testng.Assert.assertEquals(Assert.java:1067)
at org.testng.Assert.assertEquals(Assert.java:1031)
at org.testng.Assert.assertEquals(Assert.java:1077)
at testCases.DDT.TC_001_AccountLogin.account_login_close_browser(TC_001_AccountLogin.java:192)
at testCases.DDT.TC_001_AccountLogin.test_execute_login_test_cases(TC_001_AccountLogin.java:43)
at java.base/jdk.internal.reflect.NativeMethodAccessorImpl.invoke0(Native Method)
at java.base/jdk.internal.reflect.NativeMethodAccessorImpl.invoke(NativeMethodAccessorImpl.java:77)
at java.base/jdk.internal.reflect.DelegatingMethodAccessorImpl.invoke(DelegatingMethodAccessorImpl.java:43)
at java.base/java.lang.reflect.Method.invoke(Method.java:568)
at org.testng.internal.invokers.MethodInvocationHelper.invokeMethod(MethodInvocationHelper.java:139)
at org.testng.internal.invokers.TestInvoker.invokeMethod(TestInvoker.java:664)
at org.testng.internal.invokers.TestInvoker.invokeTestMethod(TestInvoker.java:227)
at org.testng.internal.invokers.MethodRunner.runInSequence(MethodRunner.java:50)
at org.testng.internal.invokers.TestInvoker$MethodInvocationAgent.invoke(TestInvoker.java:957)
at org.testng.internal.invokers.TestInvoker.invokeTestMethods(TestInvoker.java:200)
at org.testng.internal.invokers.TestMethodWorker.invokeTestMethods(TestMethodWorker.java:148)
at org.testng.internal.invokers.TestMethodWorker.run(TestMethodWorker.java:128)
at java.base/java.util.ArrayList.forEach(ArrayList.java:1511)
at org.testng.TestRunner.privateRun(TestRunner.java:848)
at org.testng.TestRunner.run(TestRunner.java:621)
at org.testng.SuiteRunner.runTest(SuiteRunner.java:443)
at org.testng.SuiteRunner.runSequentially(SuiteRunner.java:437)
at org.testng.SuiteRunner.privateRun(SuiteRunner.java:397)
at org.testng.SuiteRunner.run(SuiteRunner.java:336)
at org.testng.SuiteRunnerWorker.runSuite(SuiteRunnerWorker.java:52)
at org.testng.SuiteRunnerWorker.run(SuiteRunnerWorker.java:95)
at org.testng.TestNG.runSuitesSequentially(TestNG.java:1280)
at org.testng.TestNG.runSuitesLocally(TestNG.java:1200)
at org.testng.TestNG.runSuites(TestNG.java:1114)
at org.testng.TestNG.run(TestNG.java:1082)
at org.apache.maven.surefire.testng.TestNGExecutor.run(TestNGExecutor.java:308)
at org.apache.maven.surefire.testng.TestNGXmlTestSuite.execute(TestNGXmlTestSuite.java:71)
at org.apache.maven.surefire.testng.TestNGProvider.invoke(TestNGProvider.java:113)
at org.apache.maven.surefire.booter.ForkedBooter.runSuitesInProcess(ForkedBooter.java:385)
at org.apache.maven.surefire.booter.ForkedBooter.execute(ForkedBooter.java:162)
at org.apache.maven.surefire.booter.ForkedBooter.run(ForkedBooter.java:507)
at org.apache.maven.surefire.booter.ForkedBooter.main(ForkedBooter.java:495)
]]>
            </full-stacktrace>
          </exception> <!-- java.lang.AssertionError -->
          <reporter-output>
          </reporter-output>
        </test-method> <!-- test_execute_login_test_cases -->
        <test-method is-config="true" signature="tearDown()[pri:0, instance:testCases.DDT.TC_001_AccountLogin@1e6a3214]" started-at="2023-12-28T14:49:51 IST" name="tearDown" finished-at="2023-12-28T14:49:51 IST" duration-ms="264" status="PASS">
          <reporter-output>
          </reporter-output>
        </test-method> <!-- tearDown -->
      </class> <!-- testCases.DDT.TC_001_AccountLogin -->
      <class name="testCases.DDT.TC_003_AccountLogout">
        <test-method is-config="true" signature="setup(java.lang.String,java.lang.String)[pri:0, instance:testCases.DDT.TC_003_AccountLogout@d86a6f]" started-at="2023-12-28T14:50:36 IST" name="setup" finished-at="2023-12-28T14:50:38 IST" duration-ms="2058" status="PASS">
          <params>
            <param index="0">
              <value>
                <![CDATA[chrome]]>
              </value>
            </param>
            <param index="1">
              <value>
                <![CDATA[false]]>
              </value>
            </param>
          </params>
          <reporter-output>
          </reporter-output>
        </test-method> <!-- setup -->
        <test-method signature="test_execute_logout_test_cases(java.lang.String)[pri:0, instance:testCases.DDT.TC_003_AccountLogout@d86a6f]" started-at="2023-12-28T14:50:38 IST" name="test_execute_logout_test_cases" data-provider="LogoutData" finished-at="2023-12-28T14:50:42 IST" duration-ms="3622" status="PASS">
          <params>
            <param index="0">
              <value>
                <![CDATA[account_logout]]>
              </value>
            </param>
          </params>
          <reporter-output>
          </reporter-output>
        </test-method> <!-- test_execute_logout_test_cases -->
        <test-method signature="test_execute_logout_test_cases(java.lang.String)[pri:0, instance:testCases.DDT.TC_003_AccountLogout@d86a6f]" started-at="2023-12-28T14:50:42 IST" name="test_execute_logout_test_cases" data-provider="LogoutData" finished-at="2023-12-28T14:50:44 IST" duration-ms="2223" status="PASS">
          <params>
            <param index="0">
              <value>
                <![CDATA[account_logout_from_right_column]]>
              </value>
            </param>
          </params>
          <reporter-output>
          </reporter-output>
        </test-method> <!-- test_execute_logout_test_cases -->
        <test-method signature="test_execute_logout_test_cases(java.lang.String)[pri:0, instance:testCases.DDT.TC_003_AccountLogout@d86a6f]" started-at="2023-12-28T14:50:44 IST" name="test_execute_logout_test_cases" data-provider="LogoutData" finished-at="2023-12-28T14:50:47 IST" duration-ms="2548" status="PASS">
          <params>
            <param index="0">
              <value>
                <![CDATA[account_logout_browser_back]]>
              </value>
            </param>
          </params>
          <reporter-output>
          </reporter-output>
        </test-method> <!-- test_execute_logout_test_cases -->
        <test-method signature="test_execute_logout_test_cases(java.lang.String)[pri:0, instance:testCases.DDT.TC_003_AccountLogout@d86a6f]" started-at="2023-12-28T14:50:47 IST" name="test_execute_logout_test_cases" data-provider="LogoutData" finished-at="2023-12-28T14:50:57 IST" duration-ms="10216" status="PASS">
          <params>
            <param index="0">
              <value>
                <![CDATA[account_check_logout_btn_exists]]>
              </value>
            </param>
          </params>
          <reporter-output>
          </reporter-output>
        </test-method> <!-- test_execute_logout_test_cases -->
        <test-method signature="test_execute_logout_test_cases(java.lang.String)[pri:0, instance:testCases.DDT.TC_003_AccountLogout@d86a6f]" started-at="2023-12-28T14:50:57 IST" name="test_execute_logout_test_cases" data-provider="LogoutData" finished-at="2023-12-28T14:51:07 IST" duration-ms="10572" status="PASS">
          <params>
            <param index="0">
              <value>
                <![CDATA[account_check_logout_right_column_btn_exists]]>
              </value>
            </param>
          </params>
          <reporter-output>
          </reporter-output>
        </test-method> <!-- test_execute_logout_test_cases -->
        <test-method signature="test_execute_logout_test_cases(java.lang.String)[pri:0, instance:testCases.DDT.TC_003_AccountLogout@d86a6f]" started-at="2023-12-28T14:51:07 IST" name="test_execute_logout_test_cases" data-provider="LogoutData" finished-at="2023-12-28T14:51:12 IST" duration-ms="4317" status="PASS">
          <params>
            <param index="0">
              <value>
                <![CDATA[account_login_two_times]]>
              </value>
            </param>
          </params>
          <reporter-output>
          </reporter-output>
        </test-method> <!-- test_execute_logout_test_cases -->
        <test-method is-config="true" signature="tearDown()[pri:0, instance:testCases.DDT.TC_003_AccountLogout@d86a6f]" started-at="2023-12-28T14:51:12 IST" name="tearDown" finished-at="2023-12-28T14:51:12 IST" duration-ms="472" status="PASS">
          <reporter-output>
          </reporter-output>
        </test-method> <!-- tearDown -->
      </class> <!-- testCases.DDT.TC_003_AccountLogout -->
      <class name="testCases.DDT.TC_002_AccountRegistration">
        <test-method is-config="true" signature="setup(java.lang.String,java.lang.String)[pri:0, instance:testCases.DDT.TC_002_AccountRegistration@4145bad8]" started-at="2023-12-28T14:49:51 IST" name="setup" finished-at="2023-12-28T14:49:53 IST" duration-ms="2040" status="PASS">
          <params>
            <param index="0">
              <value>
                <![CDATA[chrome]]>
              </value>
            </param>
            <param index="1">
              <value>
                <![CDATA[false]]>
              </value>
            </param>
          </params>
          <reporter-output>
          </reporter-output>
        </test-method> <!-- setup -->
        <test-method signature="test_execute_registration_test_cases(java.lang.String,java.lang.String,java.lang.String,java.lang.String,java.lang.String,java.lang.String,java.lang.String,java.lang.String)[pri:0, instance:testCases.DDT.TC_002_AccountRegistration@4145bad8]" started-at="2023-12-28T14:49:55 IST" name="test_execute_registration_test_cases" data-provider="RegistrationData" finished-at="2023-12-28T14:49:59 IST" duration-ms="4633" status="PASS">
          <params>
            <param index="0">
              <value>
                <![CDATA[account_registration_success]]>
              </value>
            </param>
            <param index="1">
              <value>
                <![CDATA[]]>
              </value>
            </param>
            <param index="2">
              <value>
                <![CDATA[]]>
              </value>
            </param>
            <param index="3">
              <value>
                <![CDATA[]]>
              </value>
            </param>
            <param index="4">
              <value>
                <![CDATA[]]>
              </value>
            </param>
            <param index="5">
              <value>
                <![CDATA[true]]>
              </value>
            </param>
            <param index="6">
              <value>
                <![CDATA[true]]>
              </value>
            </param>
            <param index="7">
              <value>
                <![CDATA[Valid]]>
              </value>
            </param>
          </params>
          <reporter-output>
          </reporter-output>
        </test-method> <!-- test_execute_registration_test_cases -->
        <test-method signature="test_execute_registration_test_cases(java.lang.String,java.lang.String,java.lang.String,java.lang.String,java.lang.String,java.lang.String,java.lang.String,java.lang.String)[pri:0, instance:testCases.DDT.TC_002_AccountRegistration@4145bad8]" started-at="2023-12-28T14:49:59 IST" name="test_execute_registration_test_cases" data-provider="RegistrationData" finished-at="2023-12-28T14:50:05 IST" duration-ms="5093" status="PASS">
          <params>
            <param index="0">
              <value>
                <![CDATA[account_registration_email_exists]]>
              </value>
            </param>
            <param index="1">
              <value>
                <![CDATA[]]>
              </value>
            </param>
            <param index="2">
              <value>
                <![CDATA[]]>
              </value>
            </param>
            <param index="3">
              <value>
                <![CDATA[topcoders1@gmail.com]]>
              </value>
            </param>
            <param index="4">
              <value>
                <![CDATA[]]>
              </value>
            </param>
            <param index="5">
              <value>
                <![CDATA[]]>
              </value>
            </param>
            <param index="6">
              <value>
                <![CDATA[true]]>
              </value>
            </param>
            <param index="7">
              <value>
                <![CDATA[Invalid]]>
              </value>
            </param>
          </params>
          <reporter-output>
          </reporter-output>
        </test-method> <!-- test_execute_registration_test_cases -->
        <test-method signature="test_execute_registration_test_cases(java.lang.String,java.lang.String,java.lang.String,java.lang.String,java.lang.String,java.lang.String,java.lang.String,java.lang.String)[pri:0, instance:testCases.DDT.TC_002_AccountRegistration@4145bad8]" started-at="2023-12-28T14:50:05 IST" name="test_execute_registration_test_cases" data-provider="RegistrationData" finished-at="2023-12-28T14:50:09 IST" duration-ms="3996" status="PASS">
          <params>
            <param index="0">
              <value>
                <![CDATA[account_registration_all_fields_warning_validation]]>
              </value>
            </param>
            <param index="1">
              <value>
                <![CDATA[null]]>
              </value>
            </param>
            <param index="2">
              <value>
                <![CDATA[null]]>
              </value>
            </param>
            <param index="3">
              <value>
                <![CDATA[null]]>
              </value>
            </param>
            <param index="4">
              <value>
                <![CDATA[null]]>
              </value>
            </param>
            <param index="5">
              <value>
                <![CDATA[]]>
              </value>
            </param>
            <param index="6">
              <value>
                <![CDATA[]]>
              </value>
            </param>
            <param index="7">
              <value>
                <![CDATA[]]>
              </value>
            </param>
          </params>
          <reporter-output>
          </reporter-output>
        </test-method> <!-- test_execute_registration_test_cases -->
        <test-method signature="test_execute_registration_test_cases(java.lang.String,java.lang.String,java.lang.String,java.lang.String,java.lang.String,java.lang.String,java.lang.String,java.lang.String)[pri:0, instance:testCases.DDT.TC_002_AccountRegistration@4145bad8]" started-at="2023-12-28T14:50:09 IST" name="test_execute_registration_test_cases" data-provider="RegistrationData" finished-at="2023-12-28T14:50:13 IST" duration-ms="4978" status="PASS">
          <params>
            <param index="0">
              <value>
                <![CDATA[account_registration_all_fields_warning_validation]]>
              </value>
            </param>
            <param index="1">
              <value>
                <![CDATA[     ]]>
              </value>
            </param>
            <param index="2">
              <value>
                <![CDATA[     ]]>
              </value>
            </param>
            <param index="3">
              <value>
                <![CDATA[     ]]>
              </value>
            </param>
            <param index="4">
              <value>
                <![CDATA[     ]]>
              </value>
            </param>
            <param index="5">
              <value>
                <![CDATA[]]>
              </value>
            </param>
            <param index="6">
              <value>
                <![CDATA[]]>
              </value>
            </param>
            <param index="7">
              <value>
                <![CDATA[]]>
              </value>
            </param>
          </params>
          <reporter-output>
          </reporter-output>
        </test-method> <!-- test_execute_registration_test_cases -->
        <test-method signature="test_execute_registration_test_cases(java.lang.String,java.lang.String,java.lang.String,java.lang.String,java.lang.String,java.lang.String,java.lang.String,java.lang.String)[pri:0, instance:testCases.DDT.TC_002_AccountRegistration@4145bad8]" started-at="2023-12-28T14:50:13 IST" name="test_execute_registration_test_cases" data-provider="RegistrationData" finished-at="2023-12-28T14:50:18 IST" duration-ms="4942" status="PASS">
          <params>
            <param index="0">
              <value>
                <![CDATA[navigating_to_registered_page_from_different_page]]>
              </value>
            </param>
            <param index="1">
              <value>
                <![CDATA[]]>
              </value>
            </param>
            <param index="2">
              <value>
                <![CDATA[]]>
              </value>
            </param>
            <param index="3">
              <value>
                <![CDATA[]]>
              </value>
            </param>
            <param index="4">
              <value>
                <![CDATA[]]>
              </value>
            </param>
            <param index="5">
              <value>
                <![CDATA[]]>
              </value>
            </param>
            <param index="6">
              <value>
                <![CDATA[]]>
              </value>
            </param>
            <param index="7">
              <value>
                <![CDATA[]]>
              </value>
            </param>
          </params>
          <reporter-output>
          </reporter-output>
        </test-method> <!-- test_execute_registration_test_cases -->
        <test-method signature="test_execute_registration_test_cases(java.lang.String,java.lang.String,java.lang.String,java.lang.String,java.lang.String,java.lang.String,java.lang.String,java.lang.String)[pri:0, instance:testCases.DDT.TC_002_AccountRegistration@4145bad8]" started-at="2023-12-28T14:50:18 IST" name="test_execute_registration_test_cases" data-provider="RegistrationData" finished-at="2023-12-28T14:50:22 IST" duration-ms="3443" status="PASS">
          <params>
            <param index="0">
              <value>
                <![CDATA[account_registration_email_field_warning_validation]]>
              </value>
            </param>
            <param index="1">
              <value>
                <![CDATA[]]>
              </value>
            </param>
            <param index="2">
              <value>
                <![CDATA[]]>
              </value>
            </param>
            <param index="3">
              <value>
                <![CDATA[abhishek@gmail]]>
              </value>
            </param>
            <param index="4">
              <value>
                <![CDATA[]]>
              </value>
            </param>
            <param index="5">
              <value>
                <![CDATA[]]>
              </value>
            </param>
            <param index="6">
              <value>
                <![CDATA[true]]>
              </value>
            </param>
            <param index="7">
              <value>
                <![CDATA[]]>
              </value>
            </param>
          </params>
          <reporter-output>
          </reporter-output>
        </test-method> <!-- test_execute_registration_test_cases -->
        <test-method signature="test_execute_registration_test_cases(java.lang.String,java.lang.String,java.lang.String,java.lang.String,java.lang.String,java.lang.String,java.lang.String,java.lang.String)[pri:0, instance:testCases.DDT.TC_002_AccountRegistration@4145bad8]" started-at="2023-12-28T14:50:22 IST" name="test_execute_registration_test_cases" data-provider="RegistrationData" finished-at="2023-12-28T14:50:26 IST" duration-ms="4105" status="PASS">
          <params>
            <param index="0">
              <value>
                <![CDATA[account_registration_password_field_warning_validation]]>
              </value>
            </param>
            <param index="1">
              <value>
                <![CDATA[]]>
              </value>
            </param>
            <param index="2">
              <value>
                <![CDATA[]]>
              </value>
            </param>
            <param index="3">
              <value>
                <![CDATA[]]>
              </value>
            </param>
            <param index="4">
              <value>
                <![CDATA[123]]>
              </value>
            </param>
            <param index="5">
              <value>
                <![CDATA[]]>
              </value>
            </param>
            <param index="6">
              <value>
                <![CDATA[true]]>
              </value>
            </param>
            <param index="7">
              <value>
                <![CDATA[]]>
              </value>
            </param>
          </params>
          <reporter-output>
          </reporter-output>
        </test-method> <!-- test_execute_registration_test_cases -->
        <test-method signature="test_execute_registration_test_cases(java.lang.String,java.lang.String,java.lang.String,java.lang.String,java.lang.String,java.lang.String,java.lang.String,java.lang.String)[pri:0, instance:testCases.DDT.TC_002_AccountRegistration@4145bad8]" started-at="2023-12-28T14:50:26 IST" name="test_execute_registration_test_cases" data-provider="RegistrationData" finished-at="2023-12-28T14:50:26 IST" duration-ms="62" status="PASS">
          <params>
            <param index="0">
              <value>
                <![CDATA[account_fields_placeholder_validation]]>
              </value>
            </param>
            <param index="1">
              <value>
                <![CDATA[]]>
              </value>
            </param>
            <param index="2">
              <value>
                <![CDATA[]]>
              </value>
            </param>
            <param index="3">
              <value>
                <![CDATA[]]>
              </value>
            </param>
            <param index="4">
              <value>
                <![CDATA[]]>
              </value>
            </param>
            <param index="5">
              <value>
                <![CDATA[]]>
              </value>
            </param>
            <param index="6">
              <value>
                <![CDATA[]]>
              </value>
            </param>
            <param index="7">
              <value>
                <![CDATA[]]>
              </value>
            </param>
          </params>
          <reporter-output>
          </reporter-output>
        </test-method> <!-- test_execute_registration_test_cases -->
        <test-method signature="test_execute_registration_test_cases(java.lang.String,java.lang.String,java.lang.String,java.lang.String,java.lang.String,java.lang.String,java.lang.String,java.lang.String)[pri:0, instance:testCases.DDT.TC_002_AccountRegistration@4145bad8]" started-at="2023-12-28T14:50:26 IST" name="test_execute_registration_test_cases" data-provider="RegistrationData" finished-at="2023-12-28T14:50:30 IST" duration-ms="3765" status="PASS">
          <params>
            <param index="0">
              <value>
                <![CDATA[account_registration_privacy_policy_warning_validation]]>
              </value>
            </param>
            <param index="1">
              <value>
                <![CDATA[]]>
              </value>
            </param>
            <param index="2">
              <value>
                <![CDATA[]]>
              </value>
            </param>
            <param index="3">
              <value>
                <![CDATA[]]>
              </value>
            </param>
            <param index="4">
              <value>
                <![CDATA[]]>
              </value>
            </param>
            <param index="5">
              <value>
                <![CDATA[]]>
              </value>
            </param>
            <param index="6">
              <value>
                <![CDATA[]]>
              </value>
            </param>
            <param index="7">
              <value>
                <![CDATA[]]>
              </value>
            </param>
          </params>
          <reporter-output>
          </reporter-output>
        </test-method> <!-- test_execute_registration_test_cases -->
        <test-method signature="test_execute_registration_test_cases(java.lang.String,java.lang.String,java.lang.String,java.lang.String,java.lang.String,java.lang.String,java.lang.String,java.lang.String)[pri:0, instance:testCases.DDT.TC_002_AccountRegistration@4145bad8]" started-at="2023-12-28T14:50:30 IST" name="test_execute_registration_test_cases" data-provider="RegistrationData" finished-at="2023-12-28T14:50:35 IST" duration-ms="5627" status="PASS">
          <params>
            <param index="0">
              <value>
                <![CDATA[account_registration_field_trailing_spaces]]>
              </value>
            </param>
            <param index="1">
              <value>
                <![CDATA[                  TrailingFirstName                      ]]>
              </value>
            </param>
            <param index="2">
              <value>
                <![CDATA[                  TrailingLastName                      ]]>
              </value>
            </param>
            <param index="3">
              <value>
                <![CDATA[]]>
              </value>
            </param>
            <param index="4">
              <value>
                <![CDATA[]]>
              </value>
            </param>
            <param index="5">
              <value>
                <![CDATA[]]>
              </value>
            </param>
            <param index="6">
              <value>
                <![CDATA[true]]>
              </value>
            </param>
            <param index="7">
              <value>
                <![CDATA[]]>
              </value>
            </param>
          </params>
          <reporter-output>
          </reporter-output>
        </test-method> <!-- test_execute_registration_test_cases -->
        <test-method is-config="true" signature="tearDown()[pri:0, instance:testCases.DDT.TC_002_AccountRegistration@4145bad8]" started-at="2023-12-28T14:50:35 IST" name="tearDown" finished-at="2023-12-28T14:50:36 IST" duration-ms="389" status="PASS">
          <reporter-output>
          </reporter-output>
        </test-method> <!-- tearDown -->
      </class> <!-- testCases.DDT.TC_002_AccountRegistration -->
    </test> <!-- OpenCartTest -->
  </suite> <!-- OpenCartSuite -->
</testng-results>
