<?xml version="1.0" encoding="UTF-8"?>
<testng-results ignored="0" total="3" passed="3" failed="0" skipped="0">
  <reporter-output>
  </reporter-output>
  <suite started-at="2023-12-20T15:28:38 IST" name="OpenCartSuite" finished-at="2023-12-20T15:28:56 IST" duration-ms="17605">
    <groups>
    </groups>
    <test started-at="2023-12-20T15:28:38 IST" name="OpenCartTest" finished-at="2023-12-20T15:28:56 IST" duration-ms="17605">
      <class name="testCases.DDT.TC_002_AccountRegistration">
        <test-method is-config="true" signature="setup(java.lang.String,java.lang.String)[pri:0, instance:testCases.DDT.TC_002_AccountRegistration@1cf6d1be]" started-at="2023-12-20T15:28:38 IST" name="setup" finished-at="2023-12-20T15:28:42 IST" duration-ms="3333" status="PASS">
          <params>
            <param index="0">
              <value>
                <![CDATA[chrome]]>
              </value>
            </param>
            <param index="1">
              <value>
                <![CDATA[false]]>
              </value>
            </param>
          </params>
          <reporter-output>
          </reporter-output>
        </test-method> <!-- setup -->
        <test-method signature="test_execute_registration_test_cases(java.lang.String,java.lang.String,java.lang.String,java.lang.String,java.lang.String,java.lang.String,java.lang.String,java.lang.String)[pri:0, instance:testCases.DDT.TC_002_AccountRegistration@1cf6d1be]" started-at="2023-12-20T15:28:43 IST" name="test_execute_registration_test_cases" data-provider="RegistrationData" finished-at="2023-12-20T15:28:48 IST" duration-ms="4789" status="PASS">
          <params>
            <param index="0">
              <value>
                <![CDATA[account_registration_success]]>
              </value>
            </param>
            <param index="1">
              <value>
                <![CDATA[]]>
              </value>
            </param>
            <param index="2">
              <value>
                <![CDATA[]]>
              </value>
            </param>
            <param index="3">
              <value>
                <![CDATA[]]>
              </value>
            </param>
            <param index="4">
              <value>
                <![CDATA[]]>
              </value>
            </param>
            <param index="5">
              <value>
                <![CDATA[true]]>
              </value>
            </param>
            <param index="6">
              <value>
                <![CDATA[true]]>
              </value>
            </param>
            <param index="7">
              <value>
                <![CDATA[Valid]]>
              </value>
            </param>
          </params>
          <reporter-output>
          </reporter-output>
        </test-method> <!-- test_execute_registration_test_cases -->
        <test-method signature="test_execute_registration_test_cases(java.lang.String,java.lang.String,java.lang.String,java.lang.String,java.lang.String,java.lang.String,java.lang.String,java.lang.String)[pri:0, instance:testCases.DDT.TC_002_AccountRegistration@1cf6d1be]" started-at="2023-12-20T15:28:48 IST" name="test_execute_registration_test_cases" data-provider="RegistrationData" finished-at="2023-12-20T15:28:52 IST" duration-ms="4038" status="PASS">
          <params>
            <param index="0">
              <value>
                <![CDATA[account_registration_email_exists]]>
              </value>
            </param>
            <param index="1">
              <value>
                <![CDATA[]]>
              </value>
            </param>
            <param index="2">
              <value>
                <![CDATA[]]>
              </value>
            </param>
            <param index="3">
              <value>
                <![CDATA[topcoders1@gmail.com]]>
              </value>
            </param>
            <param index="4">
              <value>
                <![CDATA[]]>
              </value>
            </param>
            <param index="5">
              <value>
                <![CDATA[]]>
              </value>
            </param>
            <param index="6">
              <value>
                <![CDATA[true]]>
              </value>
            </param>
            <param index="7">
              <value>
                <![CDATA[Invalid]]>
              </value>
            </param>
          </params>
          <reporter-output>
          </reporter-output>
        </test-method> <!-- test_execute_registration_test_cases -->
        <test-method signature="test_execute_registration_test_cases(java.lang.String,java.lang.String,java.lang.String,java.lang.String,java.lang.String,java.lang.String,java.lang.String,java.lang.String)[pri:0, instance:testCases.DDT.TC_002_AccountRegistration@1cf6d1be]" started-at="2023-12-20T15:28:52 IST" name="test_execute_registration_test_cases" data-provider="RegistrationData" finished-at="2023-12-20T15:28:55 IST" duration-ms="3577" status="PASS">
          <params>
            <param index="0">
              <value>
                <![CDATA[account_registration_all_fields_warning_validation]]>
              </value>
            </param>
            <param index="1">
              <value>
                <![CDATA[null]]>
              </value>
            </param>
            <param index="2">
              <value>
                <![CDATA[null]]>
              </value>
            </param>
            <param index="3">
              <value>
                <![CDATA[null]]>
              </value>
            </param>
            <param index="4">
              <value>
                <![CDATA[null]]>
              </value>
            </param>
            <param index="5">
              <value>
                <![CDATA[]]>
              </value>
            </param>
            <param index="6">
              <value>
                <![CDATA[]]>
              </value>
            </param>
            <param index="7">
              <value>
                <![CDATA[]]>
              </value>
            </param>
          </params>
          <reporter-output>
          </reporter-output>
        </test-method> <!-- test_execute_registration_test_cases -->
        <test-method is-config="true" signature="tearDown()[pri:0, instance:testCases.DDT.TC_002_AccountRegistration@1cf6d1be]" started-at="2023-12-20T15:28:55 IST" name="tearDown" finished-at="2023-12-20T15:28:56 IST" duration-ms="331" status="PASS">
          <reporter-output>
          </reporter-output>
        </test-method> <!-- tearDown -->
      </class> <!-- testCases.DDT.TC_002_AccountRegistration -->
    </test> <!-- OpenCartTest -->
  </suite> <!-- OpenCartSuite -->
</testng-results>
