<?xml version="1.0" encoding="UTF-8"?>
<!-- Generated by org.testng.reporters.JUnitXMLReporter -->
<testsuite ignored="0" hostname="BLRLAP1529" failures="2" tests="51" name="OpenCartTest" time="275.533" errors="0" timestamp="2024-01-03T09:22:20 IST">
  <testcase classname="testCases.DDT.TC_001_AccountLogin" name="test_execute_login_test_cases" time="3.532"/>
  <testcase classname="testCases.DDT.TC_001_AccountLogin" name="test_execute_login_test_cases" time="11.956"/>
  <testcase classname="testCases.DDT.TC_001_AccountLogin" name="test_execute_login_test_cases" time="11.557"/>
  <testcase classname="testCases.DDT.TC_001_AccountLogin" name="test_execute_login_test_cases" time="11.529"/>
  <testcase classname="testCases.DDT.TC_001_AccountLogin" name="test_execute_login_test_cases" time="11.481"/>
  <testcase classname="testCases.DDT.TC_001_AccountLogin" name="test_execute_login_test_cases" time="1.726"/>
  <testcase classname="testCases.DDT.TC_001_AccountLogin" name="test_execute_login_test_cases" time="2.113"/>
  <testcase classname="testCases.DDT.TC_001_AccountLogin" name="test_execute_login_test_cases" time="0.632"/>
  <testcase classname="testCases.DDT.TC_001_AccountLogin" name="test_execute_login_test_cases" time="1.543"/>
  <testcase classname="testCases.DDT.TC_001_AccountLogin" name="test_execute_login_test_cases" time="2.953">
    <failure type="java.lang.AssertionError" message="expected [true] but found [false]">
      <![CDATA[java.lang.AssertionError: expected [true] but found [false]
at testCases.DDT.TC_001_AccountLogin.account_login_close_browser(TC_001_AccountLogin.java:192)
at testCases.DDT.TC_001_AccountLogin.test_execute_login_test_cases(TC_001_AccountLogin.java:43)
at java.base/java.util.ArrayList.forEach(ArrayList.java:1511)
... Removed 34 stack frames]]>
    </failure>
  </testcase> <!-- test_execute_login_test_cases -->
  <testcase classname="testCases.DDT.TC_002_AccountRegistration" name="test_execute_registration_test_cases" time="4.243"/>
  <testcase classname="testCases.DDT.TC_002_AccountRegistration" name="test_execute_registration_test_cases" time="4.221"/>
  <testcase classname="testCases.DDT.TC_002_AccountRegistration" name="test_execute_registration_test_cases" time="4.126"/>
  <testcase classname="testCases.DDT.TC_002_AccountRegistration" name="test_execute_registration_test_cases" time="4.597"/>
  <testcase classname="testCases.DDT.TC_002_AccountRegistration" name="test_execute_registration_test_cases" time="2.939"/>
  <testcase classname="testCases.DDT.TC_002_AccountRegistration" name="test_execute_registration_test_cases" time="3.205"/>
  <testcase classname="testCases.DDT.TC_002_AccountRegistration" name="test_execute_registration_test_cases" time="4.028"/>
  <testcase classname="testCases.DDT.TC_002_AccountRegistration" name="test_execute_registration_test_cases" time="0.068"/>
  <testcase classname="testCases.DDT.TC_002_AccountRegistration" name="test_execute_registration_test_cases" time="4.069"/>
  <testcase classname="testCases.DDT.TC_002_AccountRegistration" name="test_execute_registration_test_cases" time="4.686"/>
  <testcase classname="testCases.DDT.TC_003_AccountLogout" name="test_execute_logout_test_cases" time="2.51"/>
  <testcase classname="testCases.DDT.TC_003_AccountLogout" name="test_execute_logout_test_cases" time="2.334"/>
  <testcase classname="testCases.DDT.TC_003_AccountLogout" name="test_execute_logout_test_cases" time="2.364"/>
  <testcase classname="testCases.DDT.TC_003_AccountLogout" name="test_execute_logout_test_cases" time="10.15"/>
  <testcase classname="testCases.DDT.TC_003_AccountLogout" name="test_execute_logout_test_cases" time="10.476"/>
  <testcase classname="testCases.DDT.TC_003_AccountLogout" name="test_execute_logout_test_cases" time="5.689"/>
  <testcase classname="testCases.DDT.TC_004_SearchPage" name="test_execute_search_test_cases" time="1.308"/>
  <testcase classname="testCases.DDT.TC_004_SearchPage" name="test_execute_search_test_cases" time="10.901"/>
  <testcase classname="testCases.DDT.TC_004_SearchPage" name="test_execute_search_test_cases" time="10.826"/>
  <testcase classname="testCases.DDT.TC_004_SearchPage" name="test_execute_search_test_cases" time="22.641"/>
  <testcase classname="testCases.DDT.TC_004_SearchPage" name="test_execute_search_test_cases" time="1.738"/>
  <testcase classname="testCases.DDT.TC_004_SearchPage" name="test_execute_search_test_cases" time="0.656"/>
  <testcase classname="testCases.DDT.TC_004_SearchPage" name="test_execute_search_test_cases" time="1.251"/>
  <testcase classname="testCases.DDT.TC_004_SearchPage" name="test_execute_search_test_cases" time="1.419"/>
  <testcase classname="testCases.DDT.TC_004_SearchPage" name="test_execute_search_test_cases" time="11.355"/>
  <testcase classname="testCases.DDT.TC_004_SearchPage" name="test_execute_search_test_cases" time="12.055"/>
  <testcase classname="testCases.DDT.TC_004_SearchPage" name="test_execute_search_test_cases" time="1.476"/>
  <testcase classname="testCases.DDT.TC_005_ProductDisplayPage" name="test_execute_product_display_page_test_cases" time="2.427"/>
  <testcase classname="testCases.DDT.TC_005_ProductDisplayPage" name="test_execute_product_display_page_test_cases" time="2.139"/>
  <testcase classname="testCases.DDT.TC_005_ProductDisplayPage" name="test_execute_product_display_page_test_cases" time="2.351"/>
  <testcase classname="testCases.DDT.TC_005_ProductDisplayPage" name="test_execute_product_display_page_test_cases" time="2.363"/>
  <testcase classname="testCases.DDT.TC_005_ProductDisplayPage" name="test_execute_product_display_page_test_cases" time="2.185"/>
  <testcase classname="testCases.DDT.TC_005_ProductDisplayPage" name="test_execute_product_display_page_test_cases" time="2.281"/>
  <testcase classname="testCases.DDT.TC_005_ProductDisplayPage" name="test_execute_product_display_page_test_cases" time="2.203"/>
  <testcase classname="testCases.DDT.TC_005_ProductDisplayPage" name="test_execute_product_display_page_test_cases" time="3.451"/>
  <testcase classname="testCases.DDT.TC_005_ProductDisplayPage" name="test_execute_product_display_page_test_cases" time="3.23"/>
  <testcase classname="testCases.DDT.TC_005_ProductDisplayPage" name="test_execute_product_display_page_test_cases" time="3.424">
    <failure type="java.lang.AssertionError" message="No Review Text Not Matching There are no reviews for this product.">
      <![CDATA[java.lang.AssertionError: No Review Text Not Matching There are no reviews for this product.
at testCases.DDT.TC_005_ProductDisplayPage.no_review_text_verification(TC_005_ProductDisplayPage.java:224)
at testCases.DDT.TC_005_ProductDisplayPage.test_execute_product_display_page_test_cases(TC_005_ProductDisplayPage.java:59)
at java.base/java.util.ArrayList.forEach(ArrayList.java:1511)
... Removed 28 stack frames]]>
    </failure>
  </testcase> <!-- test_execute_product_display_page_test_cases -->
  <testcase classname="testCases.DDT.TC_005_ProductDisplayPage" name="test_execute_product_display_page_test_cases" time="4.187"/>
  <testcase classname="testCases.DDT.TC_005_ProductDisplayPage" name="test_execute_product_display_page_test_cases" time="5.422"/>
  <testcase classname="testCases.DDT.TC_005_ProductDisplayPage" name="test_execute_product_display_page_test_cases" time="3.299"/>
  <testcase classname="testCases.DDT.TC_005_ProductDisplayPage" name="test_execute_product_display_page_test_cases" time="4.296"/>
</testsuite> <!-- OpenCartTest -->
